<?xml version="1.0" encoding="UTF-8"?>
<!-- Generated by org.testng.reporters.JUnitReportReporter -->
<testsuite hostname="DESKTOP-U84DCBG" failures="0" tests="4"
	name="com.evs.vtiger.dataprovider.DataTest" time="0.013" errors="0"
	timestamp="2022-03-10T11:24:47 IST" skipped="0">
	<testcase classname="com.evs.vtiger.dataprovider.DataTest"
		name="test1" time="0.002" />
	<system-out />
	<testcase classname="com.evs.vtiger.dataprovider.DataTest"
		name="test1" time="0.008" />
	<system-out />
	<testcase classname="com.evs.vtiger.dataprovider.DataTest"
		name="test1" time="0.001" />
	<system-out />
	<testcase classname="com.evs.vtiger.dataprovider.DataTest"
		name="test1" time="0.002" />
	<system-out />
</testsuite> <!-- com.evs.vtiger.dataprovider.DataTest -->
